<?xml version="1.0" encoding="UTF-8"?>
<testng-results ignored="0" total="2" passed="2" failed="0" skipped="0">
  <reporter-output>
  </reporter-output>
  <suite started-at="2024-03-15T19:50:25 IST" name="Suite" finished-at="2024-03-15T19:50:34 IST" duration-ms="9326">
    <groups>
    </groups>
    <test started-at="2024-03-15T19:50:25 IST" name="Test" finished-at="2024-03-15T19:50:34 IST" duration-ms="9326">
      <class name="Tests.AllTest">
        <test-method is-config="true" signature="driverFn()[pri:0, instance:Tests.AllTest@73a1e9a9]" started-at="2024-03-15T19:50:25 IST" name="driverFn" finished-at="2024-03-15T19:50:27 IST" duration-ms="2045" status="PASS">
          <reporter-output>
          </reporter-output>
        </test-method> <!-- driverFn -->
        <test-method signature="addProduct()[pri:1, instance:Tests.AllTest@73a1e9a9]" started-at="2024-03-15T19:50:27 IST" name="addProduct" finished-at="2024-03-15T19:50:33 IST" duration-ms="6651" status="PASS">
          <reporter-output>
          </reporter-output>
        </test-method> <!-- addProduct -->
        <test-method signature="addtoCart()[pri:2, instance:Tests.AllTest@73a1e9a9]" started-at="2024-03-15T19:50:33 IST" name="addtoCart" finished-at="2024-03-15T19:50:34 IST" duration-ms="227" status="PASS">
          <reporter-output>
          </reporter-output>
        </test-method> <!-- addtoCart -->
        <test-method is-config="true" signature="closeWindow()[pri:0, instance:Tests.AllTest@73a1e9a9]" started-at="2024-03-15T19:50:34 IST" name="closeWindow" finished-at="2024-03-15T19:50:34 IST" duration-ms="130" status="PASS">
          <reporter-output>
          </reporter-output>
        </test-method> <!-- closeWindow -->
      </class> <!-- Tests.AllTest -->
    </test> <!-- Test -->
  </suite> <!-- Suite -->
</testng-results>
